# JRE version: OpenJDK Runtime Environment (8.0_152-b01) (build 1.8.0_152-release-915-b01)
# Java VM: OpenJDK 64-Bit Server VM (25.152-b01 mixed mode windows-amd64 compressed oops)
Heap:
 PSYoungGen      total 310272K, used 242142K [0x00000000e0000000, 0x00000000f4d00000, 0x0000000100000000)
  eden space 284672K, 83% used [0x00000000e0000000,0x00000000ee97fb10,0x00000000f1600000)
  from space 25600K, 11% used [0x00000000f3400000,0x00000000f36f8010,0x00000000f4d00000)
  to   space 28160K, 0% used [0x00000000f1600000,0x00000000f1600000,0x00000000f3180000)
 ParOldGen       total 128512K, used 88945K [0x00000000a0000000, 0x00000000a7d80000, 0x00000000e0000000)
  object space 128512K, 69% used [0x00000000a0000000,0x00000000a56dc738,0x00000000a7d80000)
 Metaspace       used 97025K, capacity 102678K, committed 103000K, reserved 1138688K
  class space    used 12190K, capacity 13557K, committed 13696K, reserved 1048576K
GC Heap History (10 events):
Event: 2204.902 GC heap before
{Heap before GC invocations=40 (full 4):
 PSYoungGen      total 190464K, used 168126K [0x00000000e0000000, 0x00000000efb00000, 0x0000000100000000)
  eden space 156672K, 100% used [0x00000000e0000000,0x00000000e9900000,0x00000000e9900000)
  from space 33792K, 33% used [0x00000000e9900000,0x00000000ea42f970,0x00000000eba00000)
  to   space 31744K, 0% used [0x00000000edc00000,0x00000000edc00000,0x00000000efb00000)
 ParOldGen       total 128512K, used 71551K [0x00000000a0000000, 0x00000000a7d80000, 0x00000000e0000000)
  object space 128512K, 55% used [0x00000000a0000000,0x00000000a45dfff8,0x00000000a7d80000)
 Metaspace       used 96410K, capacity 102048K, committed 102360K, reserved 1138688K
  class space    used 12142K, capacity 13484K, committed 13568K, reserved 1048576K
Event: 2204.948 GC heap after
Heap after GC invocations=40 (full 4):
 PSYoungGen      total 220160K, used 11508K [0x00000000e0000000, 0x00000000ef700000, 0x0000000100000000)
  eden space 192512K, 0% used [0x00000000e0000000,0x00000000e0000000,0x00000000ebc00000)
  from space 27648K, 41% used [0x00000000edc00000,0x00000000ee73d128,0x00000000ef700000)
  to   space 30208K, 0% used [0x00000000ebc00000,0x00000000ebc00000,0x00000000ed980000)
 ParOldGen       total 128512K, used 71559K [0x00000000a0000000, 0x00000000a7d80000, 0x00000000e0000000)
  object space 128512K, 55% used [0x00000000a0000000,0x00000000a45e1ff8,0x00000000a7d80000)
 Metaspace       used 96410K, capacity 102048K, committed 102360K, reserved 1138688K
  class space    used 12142K, capacity 13484K, committed 13568K, reserved 1048576K
}
Event: 2207.538 GC heap before
{Heap before GC invocations=41 (full 4):
 PSYoungGen      total 220160K, used 204020K [0x00000000e0000000, 0x00000000ef700000, 0x0000000100000000)
  eden space 192512K, 100% used [0x00000000e0000000,0x00000000ebc00000,0x00000000ebc00000)
  from space 27648K, 41% used [0x00000000edc00000,0x00000000ee73d128,0x00000000ef700000)
  to   space 30208K, 0% used [0x00000000ebc00000,0x00000000ebc00000,0x00000000ed980000)
 ParOldGen       total 128512K, used 71559K [0x00000000a0000000, 0x00000000a7d80000, 0x00000000e0000000)
  object space 128512K, 55% used [0x00000000a0000000,0x00000000a45e1ff8,0x00000000a7d80000)
 Metaspace       used 96482K, capacity 102052K, committed 102360K, reserved 1138688K
  class space    used 12142K, capacity 13484K, committed 13568K, reserved 1048576K
Event: 2207.764 GC heap after
Heap after GC invocations=41 (full 4):
 PSYoungGen      total 222720K, used 11008K [0x00000000e0000000, 0x00000000f1f80000, 0x0000000100000000)
  eden space 192512K, 0% used [0x00000000e0000000,0x00000000e0000000,0x00000000ebc00000)
  from space 30208K, 36% used [0x00000000ebc00000,0x00000000ec6c00b0,0x00000000ed980000)
  to   space 29184K, 0% used [0x00000000f0300000,0x00000000f0300000,0x00000000f1f80000)
 ParOldGen       total 128512K, used 76093K [0x00000000a0000000, 0x00000000a7d80000, 0x00000000e0000000)
  object space 128512K, 59% used [0x00000000a0000000,0x00000000a4a4f478,0x00000000a7d80000)
 Metaspace       used 96482K, capacity 102052K, committed 102360K, reserved 1138688K
  class space    used 12142K, capacity 13484K, committed 13568K, reserved 1048576K
}
Event: 2210.865 GC heap before
{Heap before GC invocations=42 (full 4):
 PSYoungGen      total 222720K, used 203520K [0x00000000e0000000, 0x00000000f1f80000, 0x0000000100000000)
  eden space 192512K, 100% used [0x00000000e0000000,0x00000000ebc00000,0x00000000ebc00000)
  from space 30208K, 36% used [0x00000000ebc00000,0x00000000ec6c00b0,0x00000000ed980000)
  to   space 29184K, 0% used [0x00000000f0300000,0x00000000f0300000,0x00000000f1f80000)
 ParOldGen       total 128512K, used 76093K [0x00000000a0000000, 0x00000000a7d80000, 0x00000000e0000000)
  object space 128512K, 59% used [0x00000000a0000000,0x00000000a4a4f478,0x00000000a7d80000)
 Metaspace       used 96553K, capacity 102120K, committed 102616K, reserved 1138688K
  class space    used 12142K, capacity 13484K, committed 13568K, reserved 1048576K
Event: 2211.099 GC heap after
Heap after GC invocations=42 (full 4):
 PSYoungGen      total 264192K, used 2816K [0x00000000e0000000, 0x00000000f1f00000, 0x0000000100000000)
  eden space 235520K, 0% used [0x00000000e0000000,0x00000000e0000000,0x00000000ee600000)
  from space 28672K, 9% used [0x00000000f0300000,0x00000000f05c0000,0x00000000f1f00000)
  to   space 29184K, 0% used [0x00000000ee600000,0x00000000ee600000,0x00000000f0280000)
 ParOldGen       total 128512K, used 84329K [0x00000000a0000000, 0x00000000a7d80000, 0x00000000e0000000)
  object space 128512K, 65% used [0x00000000a0000000,0x00000000a525a738,0x00000000a7d80000)
 Metaspace       used 96553K, capacity 102120K, committed 102616K, reserved 1138688K
  class space    used 12142K, capacity 13484K, committed 13568K, reserved 1048576K
}
Event: 2216.263 GC heap before
{Heap before GC invocations=43 (full 4):
 PSYoungGen      total 264192K, used 238336K [0x00000000e0000000, 0x00000000f1f00000, 0x0000000100000000)
  eden space 235520K, 100% used [0x00000000e0000000,0x00000000ee600000,0x00000000ee600000)
  from space 28672K, 9% used [0x00000000f0300000,0x00000000f05c0000,0x00000000f1f00000)
  to   space 29184K, 0% used [0x00000000ee600000,0x00000000ee600000,0x00000000f0280000)
 ParOldGen       total 128512K, used 84329K [0x00000000a0000000, 0x00000000a7d80000, 0x00000000e0000000)
  object space 128512K, 65% used [0x00000000a0000000,0x00000000a525a738,0x00000000a7d80000)
 Metaspace       used 96604K, capacity 102196K, committed 102616K, reserved 1138688K
  class space    used 12146K, capacity 13486K, committed 13568K, reserved 1048576K
Event: 2216.323 GC heap after
Heap after GC invocations=43 (full 4):
 PSYoungGen      total 264704K, used 4400K [0x00000000e0000000, 0x00000000f5000000, 0x0000000100000000)
  eden space 235520K, 0% used [0x00000000e0000000,0x00000000e0000000,0x00000000ee600000)
  from space 29184K, 15% used [0x00000000ee600000,0x00000000eea4c0d0,0x00000000f0280000)
  to   space 28672K, 0% used [0x00000000f3400000,0x00000000f3400000,0x00000000f5000000)
 ParOldGen       total 128512K, used 86489K [0x00000000a0000000, 0x00000000a7d80000, 0x00000000e0000000)
  object space 128512K, 67% used [0x00000000a0000000,0x00000000a5476738,0x00000000a7d80000)
 Metaspace       used 96604K, capacity 102196K, committed 102616K, reserved 1138688K
  class space    used 12146K, capacity 13486K, committed 13568K, reserved 1048576K
}
Event: 2236.020 GC heap before
{Heap before GC invocations=44 (full 4):
 PSYoungGen      total 264704K, used 239920K [0x00000000e0000000, 0x00000000f5000000, 0x0000000100000000)
  eden space 235520K, 100% used [0x00000000e0000000,0x00000000ee600000,0x00000000ee600000)
  from space 29184K, 15% used [0x00000000ee600000,0x00000000eea4c0d0,0x00000000f0280000)
  to   space 28672K, 0% used [0x00000000f3400000,0x00000000f3400000,0x00000000f5000000)
 ParOldGen       total 128512K, used 86489K [0x00000000a0000000, 0x00000000a7d80000, 0x00000000e0000000)
  object space 128512K, 67% used [0x00000000a0000000,0x00000000a5476738,0x00000000a7d80000)
 Metaspace       used 96703K, capacity 102376K, committed 102744K, reserved 1138688K
  class space    used 12157K, capacity 13522K, committed 13696K, reserved 1048576K
Event: 2236.060 GC heap after
Heap after GC invocations=44 (full 4):
 PSYoungGen      total 310272K, used 3040K [0x00000000e0000000, 0x00000000f4d00000, 0x0000000100000000)
  eden space 284672K, 0% used [0x00000000e0000000,0x00000000e0000000,0x00000000f1600000)
  from space 25600K, 11% used [0x00000000f3400000,0x00000000f36f8010,0x00000000f4d00000)
  to   space 28160K, 0% used [0x00000000f1600000,0x00000000f1600000,0x00000000f3180000)
 ParOldGen       total 128512K, used 88945K [0x00000000a0000000, 0x00000000a7d80000, 0x00000000e0000000)
  object space 128512K, 69% used [0x00000000a0000000,0x00000000a56dc738,0x00000000a7d80000)
 Metaspace       used 96703K, capacity 102376K, committed 102744K, reserved 1138688K
  class space    used 12157K, capacity 13522K, committed 13696K, reserved 1048576K
}

