# JRE version: OpenJDK Runtime Environment (8.0_152-b01) (build 1.8.0_152-release-915-b01)
# Java VM: OpenJDK 64-Bit Server VM (25.152-b01 mixed mode windows-amd64 compressed oops)
Heap:
 PSYoungGen      total 40960K, used 39939K [0x00000000e0000000, 0x00000000e3600000, 0x0000000100000000)
  eden space 32768K, 96% used [0x00000000e0000000,0x00000000e1f085e8,0x00000000e2000000)
  from space 8192K, 99% used [0x00000000e2980000,0x00000000e3178900,0x00000000e3180000)
  to   space 9728K, 0% used [0x00000000e2000000,0x00000000e2000000,0x00000000e2980000)
 ParOldGen       total 40960K, used 16862K [0x00000000a0000000, 0x00000000a2800000, 0x00000000e0000000)
  object space 40960K, 41% used [0x00000000a0000000,0x00000000a1077970,0x00000000a2800000)
 Metaspace       used 46832K, capacity 47948K, committed 48000K, reserved 1091584K
  class space    used 6337K, capacity 6746K, committed 6784K, reserved 1048576K
GC Heap History (10 events):
Event: 81.529 GC heap before
{Heap before GC invocations=18 (full 2):
 PSYoungGen      total 35840K, used 6634K [0x00000000e0000000, 0x00000000e3400000, 0x0000000100000000)
  eden space 29184K, 0% used [0x00000000e0000000,0x00000000e0000000,0x00000000e1c80000)
  from space 6656K, 99% used [0x00000000e2400000,0x00000000e2a7a810,0x00000000e2a80000)
  to   space 7680K, 0% used [0x00000000e1c80000,0x00000000e1c80000,0x00000000e2400000)
 ParOldGen       total 32768K, used 10973K [0x00000000a0000000, 0x00000000a2000000, 0x00000000e0000000)
  object space 32768K, 33% used [0x00000000a0000000,0x00000000a0ab7670,0x00000000a2000000)
 Metaspace       used 34539K, capacity 35304K, committed 35416K, reserved 1079296K
  class space    used 4712K, capacity 5034K, committed 5120K, reserved 1048576K
Event: 81.754 GC heap after
Heap after GC invocations=18 (full 2):
 PSYoungGen      total 35840K, used 0K [0x00000000e0000000, 0x00000000e3400000, 0x0000000100000000)
  eden space 29184K, 0% used [0x00000000e0000000,0x00000000e0000000,0x00000000e1c80000)
  from space 6656K, 0% used [0x00000000e2400000,0x00000000e2400000,0x00000000e2a80000)
  to   space 7680K, 0% used [0x00000000e1c80000,0x00000000e1c80000,0x00000000e2400000)
 ParOldGen       total 40960K, used 16005K [0x00000000a0000000, 0x00000000a2800000, 0x00000000e0000000)
  object space 40960K, 39% used [0x00000000a0000000,0x00000000a0fa16c8,0x00000000a2800000)
 Metaspace       used 34539K, capacity 35304K, committed 35416K, reserved 1079296K
  class space    used 4712K, capacity 5034K, committed 5120K, reserved 1048576K
}
Event: 85.262 GC heap before
{Heap before GC invocations=19 (full 2):
 PSYoungGen      total 35840K, used 29184K [0x00000000e0000000, 0x00000000e3400000, 0x0000000100000000)
  eden space 29184K, 100% used [0x00000000e0000000,0x00000000e1c80000,0x00000000e1c80000)
  from space 6656K, 0% used [0x00000000e2400000,0x00000000e2400000,0x00000000e2a80000)
  to   space 7680K, 0% used [0x00000000e1c80000,0x00000000e1c80000,0x00000000e2400000)
 ParOldGen       total 40960K, used 16005K [0x00000000a0000000, 0x00000000a2800000, 0x00000000e0000000)
  object space 40960K, 39% used [0x00000000a0000000,0x00000000a0fa16c8,0x00000000a2800000)
 Metaspace       used 38371K, capacity 39190K, committed 39424K, reserved 1083392K
  class space    used 5197K, capacity 5522K, committed 5632K, reserved 1048576K
Event: 85.269 GC heap after
Heap after GC invocations=19 (full 2):
 PSYoungGen      total 32256K, used 3508K [0x00000000e0000000, 0x00000000e2a00000, 0x0000000100000000)
  eden space 28672K, 0% used [0x00000000e0000000,0x00000000e0000000,0x00000000e1c00000)
  from space 3584K, 97% used [0x00000000e1c80000,0x00000000e1fed160,0x00000000e2000000)
  to   space 7168K, 0% used [0x00000000e2300000,0x00000000e2300000,0x00000000e2a00000)
 ParOldGen       total 40960K, used 16013K [0x00000000a0000000, 0x00000000a2800000, 0x00000000e0000000)
  object space 40960K, 39% used [0x00000000a0000000,0x00000000a0fa36c8,0x00000000a2800000)
 Metaspace       used 38371K, capacity 39190K, committed 39424K, reserved 1083392K
  class space    used 5197K, capacity 5522K, committed 5632K, reserved 1048576K
}
Event: 86.073 GC heap before
{Heap before GC invocations=20 (full 2):
 PSYoungGen      total 32256K, used 32180K [0x00000000e0000000, 0x00000000e2a00000, 0x0000000100000000)
  eden space 28672K, 100% used [0x00000000e0000000,0x00000000e1c00000,0x00000000e1c00000)
  from space 3584K, 97% used [0x00000000e1c80000,0x00000000e1fed160,0x00000000e2000000)
  to   space 7168K, 0% used [0x00000000e2300000,0x00000000e2300000,0x00000000e2a00000)
 ParOldGen       total 40960K, used 16013K [0x00000000a0000000, 0x00000000a2800000, 0x00000000e0000000)
  object space 40960K, 39% used [0x00000000a0000000,0x00000000a0fa36c8,0x00000000a2800000)
 Metaspace       used 38763K, capacity 39548K, committed 39936K, reserved 1083392K
  class space    used 5226K, capacity 5555K, committed 5632K, reserved 1048576K
Event: 86.080 GC heap after
Heap after GC invocations=20 (full 2):
 PSYoungGen      total 34816K, used 2336K [0x00000000e0000000, 0x00000000e2980000, 0x0000000100000000)
  eden space 28160K, 0% used [0x00000000e0000000,0x00000000e0000000,0x00000000e1b80000)
  from space 6656K, 35% used [0x00000000e2300000,0x00000000e2548000,0x00000000e2980000)
  to   space 7168K, 0% used [0x00000000e1b80000,0x00000000e1b80000,0x00000000e2280000)
 ParOldGen       total 40960K, used 16021K [0x00000000a0000000, 0x00000000a2800000, 0x00000000e0000000)
  object space 40960K, 39% used [0x00000000a0000000,0x00000000a0fa56c8,0x00000000a2800000)
 Metaspace       used 38763K, capacity 39548K, committed 39936K, reserved 1083392K
  class space    used 5226K, capacity 5555K, committed 5632K, reserved 1048576K
}
Event: 89.455 GC heap before
{Heap before GC invocations=21 (full 2):
 PSYoungGen      total 34816K, used 30194K [0x00000000e0000000, 0x00000000e2980000, 0x0000000100000000)
  eden space 28160K, 98% used [0x00000000e0000000,0x00000000e1b348d0,0x00000000e1b80000)
  from space 6656K, 35% used [0x00000000e2300000,0x00000000e2548000,0x00000000e2980000)
  to   space 7168K, 0% used [0x00000000e1b80000,0x00000000e1b80000,0x00000000e2280000)
 ParOldGen       total 40960K, used 16021K [0x00000000a0000000, 0x00000000a2800000, 0x00000000e0000000)
  object space 40960K, 39% used [0x00000000a0000000,0x00000000a0fa56c8,0x00000000a2800000)
 Metaspace       used 41548K, capacity 42376K, committed 42496K, reserved 1085440K
  class space    used 5543K, capacity 5865K, committed 5888K, reserved 1048576K
Event: 89.480 GC heap after
Heap after GC invocations=21 (full 2):
 PSYoungGen      total 35328K, used 7162K [0x00000000e0000000, 0x00000000e3180000, 0x0000000100000000)
  eden space 28160K, 0% used [0x00000000e0000000,0x00000000e0000000,0x00000000e1b80000)
  from space 7168K, 99% used [0x00000000e1b80000,0x00000000e227e8d0,0x00000000e2280000)
  to   space 8192K, 0% used [0x00000000e2980000,0x00000000e2980000,0x00000000e3180000)
 ParOldGen       total 40960K, used 16285K [0x00000000a0000000, 0x00000000a2800000, 0x00000000e0000000)
  object space 40960K, 39% used [0x00000000a0000000,0x00000000a0fe7608,0x00000000a2800000)
 Metaspace       used 41548K, capacity 42376K, committed 42496K, reserved 1085440K
  class space    used 5543K, capacity 5865K, committed 5888K, reserved 1048576K
}
Event: 93.915 GC heap before
{Heap before GC invocations=22 (full 2):
 PSYoungGen      total 35328K, used 35322K [0x00000000e0000000, 0x00000000e3180000, 0x0000000100000000)
  eden space 28160K, 100% used [0x00000000e0000000,0x00000000e1b80000,0x00000000e1b80000)
  from space 7168K, 99% used [0x00000000e1b80000,0x00000000e227e8d0,0x00000000e2280000)
  to   space 8192K, 0% used [0x00000000e2980000,0x00000000e2980000,0x00000000e3180000)
 ParOldGen       total 40960K, used 16285K [0x00000000a0000000, 0x00000000a2800000, 0x00000000e0000000)
  object space 40960K, 39% used [0x00000000a0000000,0x00000000a0fe7608,0x00000000a2800000)
 Metaspace       used 42396K, capacity 43352K, committed 43776K, reserved 1087488K
  class space    used 5680K, capacity 6018K, committed 6144K, reserved 1048576K
Event: 94.028 GC heap after
Heap after GC invocations=22 (full 2):
 PSYoungGen      total 40960K, used 8162K [0x00000000e0000000, 0x00000000e3600000, 0x0000000100000000)
  eden space 32768K, 0% used [0x00000000e0000000,0x00000000e0000000,0x00000000e2000000)
  from space 8192K, 99% used [0x00000000e2980000,0x00000000e3178900,0x00000000e3180000)
  to   space 9728K, 0% used [0x00000000e2000000,0x00000000e2000000,0x00000000e2980000)
 ParOldGen       total 40960K, used 16862K [0x00000000a0000000, 0x00000000a2800000, 0x00000000e0000000)
  object space 40960K, 41% used [0x00000000a0000000,0x00000000a1077970,0x00000000a2800000)
 Metaspace       used 42396K, capacity 43352K, committed 43776K, reserved 1087488K
  class space    used 5680K, capacity 6018K, committed 6144K, reserved 1048576K
}

